Sun Jul 12 19:08:48 2026       
+-----------------------------------------------------------------------------------------+
| NVIDIA-SMI 595.71.05              Driver Version: 595.71.05      CUDA Version: 13.2     |
+-----------------------------------------+------------------------+----------------------+
| GPU  Name                 Persistence-M | Bus-Id          Disp.A | Volatile Uncorr. ECC |
| Fan  Temp   Perf          Pwr:Usage/Cap |           Memory-Usage | GPU-Util  Compute M. |
|                                         |                        |               MIG M. |
|=========================================+========================+======================|
|   0  NVIDIA H200                    On  |   00000000:4C:00.0 Off |                   On |
| N/A   23C    P0             78W /  700W |      87MiB / 143771MiB |     N/A      Default |
|                                         |                        |              Enabled |
+-----------------------------------------+------------------------+----------------------+

+-----------------------------------------------------------------------------------------+
| MIG devices:                                                                            |
+------------------+----------------------------------+-----------+-----------------------+
| GPU  GI  CI  MIG |              Shared Memory-Usage |        Vol|        Shared         |
|      ID  ID  Dev |                Shared BAR1-Usage | SM     Unc| CE ENC  DEC  OFA  JPG |
|                  |                                  |        ECC|                       |
|==================+==================================+===========+=======================|
|  0    2   0   0  |              44MiB / 71424MiB    | 60      0 |  3   0    3    0    3 |
|                  |               0MiB / 59237MiB    |           |                       |
+------------------+----------------------------------+-----------+-----------------------+

+-----------------------------------------------------------------------------------------+
| Processes:                                                                              |
|  GPU   GI   CI              PID   Type   Process name                        GPU Memory |
|        ID   ID                                                               Usage      |
|=========================================================================================|
|  No running processes found                                                             |
+-----------------------------------------------------------------------------------------+
Loading takes metadata...
Loaded 5035 takes.

Loading Video-LLaVA ...
Loading weights:   0%|          | 0/1077 [00:00<?, ?it/s]Loading weights:  21%|██        | 224/1077 [00:00<00:00, 2234.62it/s]Loading weights:  42%|████▏     | 448/1077 [00:01<00:02, 264.16it/s] Loading weights:  51%|█████     | 550/1077 [00:03<00:04, 122.28it/s]Loading weights:  56%|█████▋    | 608/1077 [00:04<00:04, 101.18it/s]Loading weights:  60%|█████▉    | 646/1077 [00:05<00:04, 89.35it/s] Loading weights:  62%|██████▏   | 672/1077 [00:05<00:04, 81.36it/s]Loading weights:  64%|██████▍   | 691/1077 [00:05<00:04, 85.34it/s]Loading weights:  84%|████████▍ | 905/1077 [00:05<00:00, 226.88it/s]Loading weights: 100%|██████████| 1077/1077 [00:06<00:00, 178.14it/s]
[transformers] Requested torchvision backend is not available. Falling back to pil backend.
Model loaded.

Clips: 100 | frames: 8 | TRIMMED | Dance

[1/100] upenn_0730_Dance_1_7 (GT=Intermediate Expert)
  exo: Novice X
  ego: Novice X

[2/100] uniandes_dance_017_3 (GT=Novice)
  exo: Novice OK
  ego: Novice OK

[3/100] uniandes_dance_023_26 (GT=Late Expert)
  exo: Novice X
  ego: Novice X

[4/100] uniandes_dance_008_51 (GT=Intermediate Expert)
  exo: Novice X
  ego: Novice X

[5/100] uniandes_dance_022_3 (GT=Novice)
  exo: Novice OK
  ego: Novice OK

[6/100] upenn_0629_Dance_3_6 (GT=Early Expert)
  exo: Novice X
  ego: Novice X

[7/100] uniandes_dance_015_22 (GT=Late Expert)
  exo: Novice X
  ego: Novice X

[8/100] uniandes_dance_016_43 (GT=Novice)
  exo: Novice OK
  ego: Novice OK

[9/100] uniandes_dance_022_11 (GT=Novice)
  exo: Novice OK
  ego: Novice OK

[10/100] uniandes_dance_013_7 (GT=Early Expert)
  exo: Novice X
  ego: Novice X

[11/100] uniandes_dance_008_11 (GT=Late Expert)
  exo: Novice X
  ego: Novice X

[12/100] uniandes_dance_023_51 (GT=Early Expert)
  exo: Novice X
  ego: Novice X

[13/100] uniandes_dance_024_3 (GT=Novice)
  exo: Novice OK
  ego: Novice OK

[14/100] uniandes_dance_017_4 (GT=Novice)
  exo: Novice OK
  ego: Novice OK

[15/100] uniandes_dance_022_17 (GT=Late Expert)
  exo: Novice X
  ego: Novice X

[16/100] uniandes_dance_017_6 (GT=Novice)
  exo: Novice OK
  ego: Novice OK

[17/100] uniandes_dance_002_3 (GT=Late Expert)
  exo: Novice X
  ego: Novice X

[18/100] uniandes_dance_002_13 (GT=Early Expert)
  exo: Novice X
  ego: Novice X

[19/100] uniandes_dance_020_28 (GT=Novice)
  exo: Novice OK
  ego: Novice OK

[20/100] upenn_0629_Dance_2_2 (GT=Early Expert)
  exo: Novice X
  ego: Novice X

[21/100] uniandes_dance_016_46 (GT=Novice)
  exo: Novice OK
  ego: Novice OK

[22/100] uniandes_dance_019_7 (GT=Intermediate Expert)
  exo: Novice X
  ego: Novice X

[23/100] uniandes_dance_021_29 (GT=Intermediate Expert)
  exo: Novice X
  ego: Novice X

[24/100] uniandes_dance_008_50 (GT=Intermediate Expert)
  exo: Novice X
  ego: Novice X

[25/100] uniandes_dance_021_19 (GT=Intermediate Expert)
  exo: Novice X
  ego: Novice X

[26/100] uniandes_dance_008_13 (GT=Late Expert)
  exo: Novice X
  ego: Novice X

[27/100] uniandes_dance_024_8 (GT=Novice)
  exo: Novice OK
  ego: Novice OK

[28/100] uniandes_dance_007_7 (GT=Intermediate Expert)
  exo: Novice X
  ego: Novice X

[29/100] uniandes_dance_021_12 (GT=Late Expert)
  exo: Novice X
  ego: Novice X

[30/100] uniandes_dance_013_15 (GT=Late Expert)
  exo: Novice X
  ego: Novice X

[31/100] uniandes_dance_012_24 (GT=Intermediate Expert)
  exo: Novice X
  ego: Novice X

[32/100] uniandes_dance_020_27 (GT=Novice)
  exo: Novice OK
  ego: Novice OK

[33/100] upenn_0720_Dance_4_5 (GT=Early Expert)
  exo: Novice X
  ego: Novice X

[34/100] uniandes_dance_019_20 (GT=Intermediate Expert)
  exo: Novice X
  ego: Novice X

[35/100] uniandes_dance_016_8 (GT=Early Expert)
  exo: Novice X
  ego: Novice X

[36/100] uniandes_dance_020_34 (GT=Late Expert)
  exo: Novice X
  ego: Novice X

[37/100] uniandes_dance_013_22 (GT=Late Expert)
  exo: Novice X
  ego: Novice X

[38/100] upenn_0706_Dance_4_3 (GT=Early Expert)
  exo: Novice X
  ego: Novice X

[39/100] uniandes_dance_012_19 (GT=Intermediate Expert)
  exo: Novice X
  ego: Novice X

[40/100] uniandes_dance_002_24 (GT=Early Expert)
  exo: Novice X
  ego: Novice X

[41/100] uniandes_dance_020_22 (GT=Novice)
  exo: Novice OK
  ego: Novice OK

[42/100] uniandes_dance_019_6 (GT=Intermediate Expert)
  exo: Novice X
  ego: Novice X

[43/100] upenn_0720_Dance_3_7 (GT=Early Expert)
  exo: Novice X
  ego: Novice X

[44/100] uniandes_dance_024_7 (GT=Novice)
  exo: Novice OK
  ego: Novice OK

[45/100] upenn_0727_Partner_Dance_2_1_4 (GT=Late Expert)
  exo: Novice X
  ego: Novice X

[46/100] upenn_0720_Dance_3_11 (GT=Early Expert)
  exo: Novice X
  ego: Novice X

[47/100] uniandes_dance_012_25 (GT=Intermediate Expert)
  exo: Novice X
  ego: Novice X

[48/100] upenn_0730_Dance_2_5 (GT=Late Expert)
  exo: Novice X
  ego: Novice X

[49/100] uniandes_dance_008_8 (GT=Late Expert)
  exo: Novice X
  ego: Novice X

[50/100] uniandes_dance_019_58 (GT=Late Expert)
  exo: Novice X
  ego: Novice X

[51/100] uniandes_dance_011_29 (GT=Late Expert)
  exo: Novice X
  ego: Novice X

[52/100] uniandes_dance_016_45 (GT=Novice)
  exo: Novice OK
  ego: Novice OK

[53/100] uniandes_dance_011_43 (GT=Early Expert)
  exo: Novice X
  ego: Novice X

[54/100] upenn_0727_Partner_Dance_2_2_4 (GT=Early Expert)
  exo: Novice X
  ego: Novice X

[55/100] uniandes_dance_016_44 (GT=Novice)
  exo: Novice OK
  ego: Novice OK

[56/100] uniandes_dance_022_9 (GT=Novice)
  exo: Novice OK
  ego: Novice OK

[57/100] uniandes_dance_021_20 (GT=Intermediate Expert)
  exo: Novice X
  ego: Novice X

[58/100] uniandes_dance_022_48 (GT=Late Expert)
  exo: Novice X
  ego: Novice X

[59/100] uniandes_dance_008_38 (GT=Late Expert)
  exo: Novice X
  ego: Novice X

[60/100] uniandes_dance_013_8 (GT=Early Expert)
  exo: Novice X
  ego: Novice X

[61/100] uniandes_dance_021_53 (GT=Early Expert)
  exo: Novice X
  ego: Novice X

[62/100] uniandes_dance_017_5 (GT=Novice)
  exo: Novice OK
  ego: Novice OK

[63/100] uniandes_dance_021_5 (GT=Late Expert)
  exo: Novice X
  ego: Novice X

[64/100] uniandes_dance_012_28 (GT=Late Expert)
  exo: Novice X
  ego: Novice X

[65/100] uniandes_dance_016_12 (GT=Early Expert)
  exo: Novice X
  ego: Novice X

[66/100] uniandes_dance_024_17 (GT=Early Expert)
  exo: Novice X
  ego: Novice X

[67/100] uniandes_dance_022_7 (GT=Novice)
  exo: Novice OK
  ego: Novice OK

[68/100] uniandes_dance_021_23 (GT=Intermediate Expert)
  exo: Novice X
  ego: Novice X

[69/100] uniandes_dance_011_16 (GT=Intermediate Expert)
  exo: Novice X
  ego: Novice X

[70/100] uniandes_dance_019_18 (GT=Intermediate Expert)
  exo: Novice X
  ego: Novice X

[71/100] uniandes_dance_017_36 (GT=Early Expert)
  exo: Novice X
  ego: Novice X

[72/100] uniandes_dance_012_22 (GT=Intermediate Expert)
  exo: Novice X
  ego: Novice X

[73/100] uniandes_dance_012_29 (GT=Late Expert)
  exo: Novice X
  ego: Novice X

[74/100] upenn_0706_Dance_1_7 (GT=Early Expert)
  exo: Novice X
  ego: Novice X

[75/100] upenn_0730_Dance_1_4 (GT=Intermediate Expert)
  exo: Novice X
  ego: Novice X

[76/100] upenn_0720_Dance_3_13 (GT=Early Expert)
  exo: Novice X
  ego: Novice X

[77/100] uniandes_dance_007_4 (GT=Intermediate Expert)
  exo: Novice X
  ego: Novice X

[78/100] uniandes_dance_012_33 (GT=Late Expert)
  exo: Novice X
  ego: Novice X

[79/100] upenn_0706_Dance_2_2 (GT=Intermediate Expert)
  exo: Novice X
  ego: Novice X

[80/100] uniandes_dance_020_61 (GT=Early Expert)
  exo: Novice X
  ego: Novice X

[81/100] uniandes_dance_022_5 (GT=Novice)
  exo: Novice OK
  ego: Novice OK

[82/100] uniandes_dance_021_17 (GT=Intermediate Expert)
  exo: Novice X
  ego: Novice X

[83/100] uniandes_dance_019_15 (GT=Intermediate Expert)
  exo: Novice X
  ego: Novice X

[84/100] uniandes_dance_022_27 (GT=Late Expert)
  exo: Novice X
  ego: Novice X

[85/100] uniandes_dance_024_4 (GT=Novice)
  exo: Novice OK
  ego: Novice OK

[86/100] uniandes_dance_008_44 (GT=Intermediate Expert)
  exo: Novice X
  ego: Novice X

[87/100] uniandes_dance_024_2 (GT=Novice)
  exo: Novice OK
  ego: Novice OK

[88/100] uniandes_dance_011_33 (GT=Late Expert)
  exo: Novice X
  ego: Novice X

[89/100] uniandes_dance_019_49 (GT=Late Expert)
  exo: Novice X
  ego: Novice X

[90/100] uniandes_dance_022_10 (GT=Novice)
  exo: Novice OK
  ego: Novice OK

[91/100] upenn_0706_Dance_2_5 (GT=Intermediate Expert)
  exo: Novice X
  ego: Novice X

[92/100] uniandes_dance_015_18 (GT=Late Expert)
  exo: Novice X
  ego: Novice X

[93/100] uniandes_dance_017_58 (GT=Novice)
  exo: Novice OK
  ego: Novice OK

[94/100] upenn_0720_Dance_3_3 (GT=Early Expert)
  exo: Novice X
  ego: Novice X

[95/100] uniandes_dance_020_11 (GT=Early Expert)
  exo: Novice X
  ego: Novice X

[96/100] upenn_0629_Dance_3_4 (GT=Early Expert)
  exo: Novice X
  ego: Novice X

[97/100] uniandes_dance_022_6 (GT=Novice)
  exo: Novice OK
  ego: Novice OK

[98/100] uniandes_dance_020_18 (GT=Novice)
  exo: Novice OK
  ego: Novice OK

[99/100] uniandes_dance_012_14 (GT=Intermediate Expert)
  exo: Novice X
  ego: Novice X

[100/100] uniandes_dance_023_56 (GT=Early Expert)
  exo: Novice X
  ego: Novice X

============================================================
RESULTS — Dance | VideoLLaVA 4-class 8f TRIMMED
============================================================
  exo: 25/100 = 25.0%
  ego: 25/100 = 25.0%
Random chance: 25%
Exo predictions: {'Novice': 100}
Ego predictions: {'Novice': 100}
============================================================
