Sun Jul 12 19:32:28 2026       
+-----------------------------------------------------------------------------------------+
| NVIDIA-SMI 595.71.05              Driver Version: 595.71.05      CUDA Version: 13.2     |
+-----------------------------------------+------------------------+----------------------+
| GPU  Name                 Persistence-M | Bus-Id          Disp.A | Volatile Uncorr. ECC |
| Fan  Temp   Perf          Pwr:Usage/Cap |           Memory-Usage | GPU-Util  Compute M. |
|                                         |                        |               MIG M. |
|=========================================+========================+======================|
|   0  NVIDIA H200                    On  |   00000000:4C:00.0 Off |                   On |
| N/A   25C    P0            123W /  700W |     483MiB / 143771MiB |     N/A      Default |
|                                         |                        |              Enabled |
+-----------------------------------------+------------------------+----------------------+

+-----------------------------------------------------------------------------------------+
| MIG devices:                                                                            |
+------------------+----------------------------------+-----------+-----------------------+
| GPU  GI  CI  MIG |              Shared Memory-Usage |        Vol|        Shared         |
|      ID  ID  Dev |                Shared BAR1-Usage | SM     Unc| CE ENC  DEC  OFA  JPG |
|                  |                                  |        ECC|                       |
|==================+==================================+===========+=======================|
|  0    2   0   0  |              44MiB / 71424MiB    | 60      0 |  3   0    3    0    3 |
|                  |               0MiB / 59237MiB    |           |                       |
+------------------+----------------------------------+-----------+-----------------------+

+-----------------------------------------------------------------------------------------+
| Processes:                                                                              |
|  GPU   GI   CI              PID   Type   Process name                        GPU Memory |
|        ID   ID                                                               Usage      |
|=========================================================================================|
|  No running processes found                                                             |
+-----------------------------------------------------------------------------------------+
Loading takes metadata...
Loaded 5035 takes.

Loading Video-LLaVA ...
Loading weights:   0%|          | 0/1077 [00:00<?, ?it/s]Loading weights:  20%|██        | 217/1077 [00:00<00:00, 2144.19it/s]Loading weights:  40%|████      | 432/1077 [00:01<00:02, 303.70it/s] Loading weights:  40%|████      | 432/1077 [00:20<00:02, 303.70it/s]Loading weights:  46%|████▌     | 492/1077 [00:24<00:43, 13.41it/s] Loading weights:  46%|████▌     | 494/1077 [00:30<01:00,  9.58it/s]Loading weights:  46%|████▌     | 494/1077 [00:50<01:00,  9.58it/s]Loading weights:  48%|████▊     | 519/1077 [00:51<01:53,  4.93it/s]Loading weights:  48%|████▊     | 521/1077 [00:57<02:19,  3.99it/s]Loading weights:  48%|████▊     | 521/1077 [01:10<02:19,  3.99it/s]Loading weights:  50%|█████     | 539/1077 [01:11<03:02,  2.95it/s]Loading weights:  50%|█████     | 540/1077 [01:12<03:00,  2.97it/s]Loading weights:  52%|█████▏    | 562/1077 [01:24<03:27,  2.48it/s]Loading weights:  52%|█████▏    | 563/1077 [01:24<03:25,  2.50it/s]Loading weights:  54%|█████▎    | 578/1077 [01:35<04:06,  2.02it/s]Loading weights:  63%|██████▎   | 674/1077 [01:36<00:56,  7.19it/s]Loading weights:  70%|███████   | 759/1077 [01:36<00:23, 13.65it/s]Loading weights:  90%|████████▉ | 969/1077 [01:36<00:02, 36.25it/s]Loading weights: 100%|██████████| 1077/1077 [01:36<00:00, 11.19it/s]
[transformers] Requested torchvision backend is not available. Falling back to pil backend.
Model loaded.

Clips: 100 | frames: 8 | TRIMMED | Dance

[1/100] upenn_0730_Dance_1_7 (GT=Intermediate Expert)
  exo: Unknown X | Based on the provided information, the person is dancing in a room with multiple
  ego: Late Expert X | Based on the video, the person appears to be a late expert in dancing. The dance

[2/100] uniandes_dance_017_3 (GT=Novice)
  exo: Late Expert X | Based on the video, the person appears to be a late expert in their dance techni
  ego: Novice OK | Based on the video, the person's technique appears to be at an intermediate leve

[3/100] uniandes_dance_023_26 (GT=Late Expert)
  exo: Late Expert OK | Based on the video, the person appears to be a late expert in their dance techni
  ego: Late Expert OK | Based on the video, the person appears to be a late expert in their technique. T

[4/100] uniandes_dance_008_51 (GT=Intermediate Expert)
  exo: Late Expert X | Based on the video, the person appears to be a late expert in their dancing tech
  ego: Late Expert X | Based on the provided information, the person is dancing in a room with a mirror

[5/100] uniandes_dance_022_3 (GT=Novice)
  exo: Late Expert X | Based on the video, the person appears to be a late expert in their dance techni
  ego: Late Expert X | Based on the video, the person appears to be a late expert in dance. The dancer'

[6/100] upenn_0629_Dance_3_6 (GT=Early Expert)
  exo: Unknown X | Based on the provided information, the person is dancing in a room with a wooden
  ego: Late Expert X | Based on the video, the person appears to be a late expert in their technique. T

[7/100] uniandes_dance_015_22 (GT=Late Expert)
  exo: Late Expert OK | Based on the video, the person appears to be a late expert in their dance techni
  ego: Late Expert OK | Based on the video, the person appears to be a late expert in dancing. The dance

[8/100] uniandes_dance_016_43 (GT=Novice)
  exo: Late Expert X | Based on the video, the person appears to be a late expert in their dance techni
  ego: Late Expert X | Based on the video, the person appears to be a late expert in dance. The dancer'

[9/100] uniandes_dance_022_11 (GT=Novice)
  exo: Late Expert X | Based on the video, the person appears to be a late expert in their dancing tech
  ego: Unknown X | Based on the video, the person's technique appears to be at an intermediate leve

[10/100] uniandes_dance_013_7 (GT=Early Expert)
  exo: Late Expert X | Based on the video, the person appears to be a late expert in their dancing tech
  ego: Early Expert OK | Based on the video, the person's technique appears to be at an early expert leve

[11/100] uniandes_dance_008_11 (GT=Late Expert)
  exo: Late Expert OK | Based on the video, the person appears to be a late expert in their technique. T
  ego: Late Expert OK | Based on the video, the person appears to be a late expert in their technique. T

[12/100] uniandes_dance_023_51 (GT=Early Expert)
  exo: Late Expert X | Based on the video, the person appears to be a late expert in their dance techni
  ego: Late Expert X | Based on the video, the person appears to be a late expert in dance. The dancer'

[13/100] uniandes_dance_024_3 (GT=Novice)
  exo: Late Expert X | Based on the video, the person appears to be a late expert in their dance techni
  ego: Late Expert X | Based on the video, the person appears to be a late expert in their technique. T

[14/100] uniandes_dance_017_4 (GT=Novice)
  exo: Late Expert X | Based on the video, the person appears to be a late expert in their dancing tech
  ego: Unknown X | Based on the video, the person's technique appears to be at an intermediate leve

[15/100] uniandes_dance_022_17 (GT=Late Expert)
  exo: Late Expert OK | Based on the video, the person appears to be a late expert in their dance techni
  ego: Late Expert OK | Based on the video, the person appears to be a late expert in their technique. T

[16/100] uniandes_dance_017_6 (GT=Novice)
  exo: Late Expert X | Based on the video, the person appears to be a late expert in their dance techni
  ego: Late Expert X | Based on the video, the person appears to be a late expert in dance. The dancer'

[17/100] uniandes_dance_002_3 (GT=Late Expert)
  exo: Late Expert OK | Based on the video, the person appears to be a late expert in their dance techni
  ego: Late Expert OK | Based on the video, the person appears to be a late expert in their technique. T

[18/100] uniandes_dance_002_13 (GT=Early Expert)
  exo: Late Expert X | Based on the video, the person appears to be a late expert in their dancing tech
  ego: Late Expert X | Based on the video, the person appears to be a late expert in their technique. T

[19/100] uniandes_dance_020_28 (GT=Novice)
  exo: Late Expert X | Based on the video, the person appears to be a late expert in their technique. T
  ego: Late Expert X | Based on the video, the person appears to be a late expert in dancing. The dance

[20/100] upenn_0629_Dance_2_2 (GT=Early Expert)
  exo: Unknown X | Based on the provided information, the person is dancing in a room with a wooden
  ego: Early Expert OK | Based on the video, the person's technique appears to be at an early expert leve

[21/100] uniandes_dance_016_46 (GT=Novice)
  exo: Late Expert X | Based on the video, the person appears to be a late expert in their dance techni
  ego: Early Expert X | Based on the video, the person's technique appears to be at an early expert leve

[22/100] uniandes_dance_019_7 (GT=Intermediate Expert)
  exo: Late Expert X | Based on the video, the person appears to be a late expert in their dance techni
  ego: Late Expert X | Based on the video, the person appears to be a late expert in their technique. T

[23/100] uniandes_dance_021_29 (GT=Intermediate Expert)
  exo: Late Expert X | Based on the video, the person appears to be a late expert in their dancing tech
  ego: Late Expert X | Based on the video, the person appears to be a late expert in their technique. T

[24/100] uniandes_dance_008_50 (GT=Intermediate Expert)
  exo: Late Expert X | Based on the video, the person appears to be a late expert in their dancing tech
  ego: Late Expert X | Based on the video, the person appears to be a late expert in dancing. The dance

[25/100] uniandes_dance_021_19 (GT=Intermediate Expert)
  exo: Late Expert X | Based on the video, the person appears to be a late expert in their dancing tech
  ego: Late Expert X | Based on the video, the person appears to be a late expert in their technique. T

[26/100] uniandes_dance_008_13 (GT=Late Expert)
  exo: Late Expert OK | Based on the video, the person appears to be a late expert in their technique. T
  ego: Late Expert OK | Based on the video, the person appears to be a late expert in their technique. T

[27/100] uniandes_dance_024_8 (GT=Novice)
  exo: Late Expert X | Based on the video, the person appears to be a late expert in their dance techni
  ego: Late Expert X | Based on the video, the person appears to be a late expert in their dance techni

[28/100] uniandes_dance_007_7 (GT=Intermediate Expert)
  exo: Late Expert X | Based on the video, the person appears to be a late expert in their technique. T
  ego: Late Expert X | Based on the video, the person appears to be a late expert in dance. The dancer'

[29/100] uniandes_dance_021_12 (GT=Late Expert)
  exo: Late Expert OK | Based on the video, the person appears to be a late expert in their dancing tech
  ego: Early Expert X | Based on the video, the person's technique appears to be at an early expert leve

[30/100] uniandes_dance_013_15 (GT=Late Expert)
  exo: Late Expert OK | Based on the video, the person appears to be a late expert in their dancing tech
  ego: Late Expert OK | Based on the video, the person appears to be a late expert in dancing. The dance

[31/100] uniandes_dance_012_24 (GT=Intermediate Expert)
  exo: Late Expert X | Based on the video, the person appears to be a late expert in their dancing tech
  ego: Late Expert X | Based on the video, the person appears to be a late expert in their technique. T

[32/100] uniandes_dance_020_27 (GT=Novice)
  exo: Late Expert X | Based on the video, the person appears to be a late expert in their dancing tech
  ego: Late Expert X | Based on the video, the person appears to be a late expert in their technique. T

[33/100] upenn_0720_Dance_4_5 (GT=Early Expert)
  exo: Late Expert X | Based on the provided information, the person in the video is a late expert in t
  ego: Late Expert X | Based on the video, the person appears to be a late expert in dance. The dancer'

[34/100] uniandes_dance_019_20 (GT=Intermediate Expert)
  exo: Late Expert X | Based on the video, the person appears to be a late expert in their dance techni
  ego: Late Expert X | Based on the video, the person appears to be a late expert in their technique. T

[35/100] uniandes_dance_016_8 (GT=Early Expert)
  exo: Late Expert X | Based on the video, the person appears to be a late expert in their dance techni
  ego: Late Expert X | Based on the video, the person appears to be a late expert in their technique. T

[36/100] uniandes_dance_020_34 (GT=Late Expert)
  exo: Late Expert OK | Based on the video, the person appears to be a late expert in their dancing tech
  ego: Late Expert OK | Based on the video, the person appears to be a late expert in dance. The dancer'

[37/100] uniandes_dance_013_22 (GT=Late Expert)
  exo: Late Expert OK | Based on the video, the person appears to be a late expert in their dancing tech
  ego: Late Expert OK | Based on the video, the person appears to be a late expert in dance. The dancer'

[38/100] upenn_0706_Dance_4_3 (GT=Early Expert)
  exo: Unknown X | Based on the provided information, the person is dancing in a room with chairs a
  ego: Late Expert X | Based on the video, the person appears to be a late expert in dance. Their body 

[39/100] uniandes_dance_012_19 (GT=Intermediate Expert)
  exo: Late Expert X | Based on the video, the person appears to be a late expert in their dancing tech
  ego: Late Expert X | Based on the video, the person appears to be a late expert in their technique. T

[40/100] uniandes_dance_002_24 (GT=Early Expert)
  exo: Late Expert X | Based on the video, the person appears to be a late expert in their dancing tech
  ego: Late Expert X | Based on the video, the person appears to be a late expert in their technique. T

[41/100] uniandes_dance_020_22 (GT=Novice)
  exo: Late Expert X | Based on the video, the person appears to be a late expert in their dancing tech
  ego: Late Expert X | Based on the video, the person appears to be a late expert in their technique. T

[42/100] uniandes_dance_019_6 (GT=Intermediate Expert)
  exo: Late Expert X | Based on the video, the person appears to be a late expert in their dance techni
  ego: Late Expert X | Based on the video, the person appears to be a late expert in their technique. T

[43/100] upenn_0720_Dance_3_7 (GT=Early Expert)
  exo: Novice X | Based on the provided information, the person in the video is a novice dancer. T
  ego: Late Expert X | Based on the video, the person appears to be a late expert in their technique. T

[44/100] uniandes_dance_024_7 (GT=Novice)
  exo: Late Expert X | Based on the video, the person appears to be a late expert in their dance techni
  ego: Late Expert X | Based on the video, the person appears to be a late expert in dance. The dancer'

[45/100] upenn_0727_Partner_Dance_2_1_4 (GT=Late Expert)
  exo: Late Expert OK | Based on the video, the person appears to be a late expert in ballroom dancing. 
  ego: Late Expert OK | Based on the video, the person appears to be a late expert in their technique. T

[46/100] upenn_0720_Dance_3_11 (GT=Early Expert)
  exo: Novice X | Based on the provided information, the person in the video is dancing in a room 
  ego: Late Expert X | Based on the provided information, the person in the video is a late expert in d

[47/100] uniandes_dance_012_25 (GT=Intermediate Expert)
  exo: Late Expert X | Based on the video, the person appears to be a late expert in their technique. T
  ego: Late Expert X | Based on the video, the person appears to be a late expert in their technique. T

[48/100] upenn_0730_Dance_2_5 (GT=Late Expert)
  exo: Late Expert OK | Based on the video, the person appears to be a late expert in their dance techni
  ego: Late Expert OK | Based on the video, the person appears to be a late expert in dancing. The dance

[49/100] uniandes_dance_008_8 (GT=Late Expert)
  exo: Late Expert OK | Based on the video, the person appears to be a late expert in their dancing tech
  ego: Late Expert OK | Based on the video, the person appears to be a late expert in dance. The dancer'

[50/100] uniandes_dance_019_58 (GT=Late Expert)
  exo: Late Expert OK | Based on the video, the person appears to be a late expert in their dance techni
  ego: Late Expert OK | Based on the video, the person appears to be a late expert in dance. The dancer'

[51/100] uniandes_dance_011_29 (GT=Late Expert)
  exo: Unknown X | Based on the provided information, the person is dancing in a room with a white 
  ego: Late Expert OK | Based on the video, the person appears to be a late expert in dancing. The dance

[52/100] uniandes_dance_016_45 (GT=Novice)
  exo: Late Expert X | Based on the video, the person appears to be a late expert in their dance techni
  ego: Late Expert X | Based on the video, the person appears to be a late expert in their technique. T

[53/100] uniandes_dance_011_43 (GT=Early Expert)
  exo: Late Expert X | Based on the video, the person appears to be a late expert in their technique. T
  ego: Late Expert X | Based on the video, the person appears to be a late expert in their technique. T

[54/100] upenn_0727_Partner_Dance_2_2_4 (GT=Early Expert)
  exo: Late Expert X | Based on the video, the person appears to be a late expert in ballroom dancing. 
  ego: Late Expert X | Based on the video, the person appears to be a late expert in dance. They demons

[55/100] uniandes_dance_016_44 (GT=Novice)
  exo: Late Expert X | Based on the video, the person appears to be a late expert in their dance techni
  ego: Late Expert X | Based on the video, the person appears to be a late expert in their technique. T

[56/100] uniandes_dance_022_9 (GT=Novice)
  exo: Late Expert X | Based on the video, the person appears to be a late expert in their dance techni
  ego: Late Expert X | Based on the video, the person appears to be a late expert in dance. The dancer'

[57/100] uniandes_dance_021_20 (GT=Intermediate Expert)
  exo: Late Expert X | Based on the video, the person appears to be a late expert in their dancing tech
  ego: Late Expert X | Based on the video, the person appears to be a late expert in dancing. The dance

[58/100] uniandes_dance_022_48 (GT=Late Expert)
  exo: Late Expert OK | Based on the video, the person appears to be a late expert in dance. The dancer'
  ego: Late Expert OK | Based on the video, the person appears to be a late expert in their technique. T

[59/100] uniandes_dance_008_38 (GT=Late Expert)
  exo: Late Expert OK | Based on the video, the person appears to be a late expert in their dancing tech
  ego: Late Expert OK | Based on the video, the person appears to be a late expert in their technique. T

[60/100] uniandes_dance_013_8 (GT=Early Expert)
  exo: Unknown X | Based on the provided information, the person is dancing in a room with a white 
  ego: Late Expert X | Based on the video, the person appears to be a late expert in their technique. T

[61/100] uniandes_dance_021_53 (GT=Early Expert)
  exo: Late Expert X | Based on the video, the person appears to be a late expert in their dancing tech
  ego: Unknown X | Based on the video, the person's technique appears to be at an intermediate leve

[62/100] uniandes_dance_017_5 (GT=Novice)
  exo: Late Expert X | Based on the video, the person appears to be a late expert in their dance techni
  ego: Late Expert X | Based on the video, the person appears to be a late expert in dance. The dancer'

[63/100] uniandes_dance_021_5 (GT=Late Expert)
  exo: Late Expert OK | Based on the video, the person appears to be a late expert in their dancing tech
  ego: Late Expert OK | Based on the video, the person appears to be a late expert in their technique. T

[64/100] uniandes_dance_012_28 (GT=Late Expert)
  exo: Late Expert OK | Based on the video, the person appears to be a late expert in their dancing tech
  ego: Late Expert OK | Based on the video, the person appears to be a late expert in their technique. T

[65/100] uniandes_dance_016_12 (GT=Early Expert)
  exo: Late Expert X | Based on the video, the person appears to be a late expert in their dance techni
  ego: Unknown X | Based on the video, the person's technique appears to be at an intermediate leve

[66/100] uniandes_dance_024_17 (GT=Early Expert)
  exo: Late Expert X | Based on the video, the person appears to be a late expert in their technique. T
  ego: Late Expert X | Based on the video, the person appears to be a late expert in dance. The dancer'

[67/100] uniandes_dance_022_7 (GT=Novice)
  exo: Late Expert X | Based on the video, the person appears to be a late expert in their dance techni
  ego: Late Expert X | Based on the video, the person appears to be a late expert in their technique. T

[68/100] uniandes_dance_021_23 (GT=Intermediate Expert)
  exo: Late Expert X | Based on the video, the person appears to be a late expert in their dancing tech
  ego: Late Expert X | Based on the provided information, the person in the video is dancing in a room 

[69/100] uniandes_dance_011_16 (GT=Intermediate Expert)
  exo: Early Expert X | Based on the provided information, the person is dancing in a room with a white 
  ego: Novice X | Based on the video, the person's technique appears to be at an intermediate leve

[70/100] uniandes_dance_019_18 (GT=Intermediate Expert)
  exo: Late Expert X | Based on the video, the person appears to be a late expert in their dance techni
  ego: Late Expert X | Based on the video, the person appears to be a late expert in their technique. T

[71/100] uniandes_dance_017_36 (GT=Early Expert)
  exo: Late Expert X | Based on the video, the person appears to be a late expert in their dance techni
  ego: Early Expert OK | Based on the video, the person's technique appears to be at an early expert leve

[72/100] uniandes_dance_012_22 (GT=Intermediate Expert)
  exo: Late Expert X | Based on the video, the person appears to be a late expert in their technique. T
  ego: Late Expert X | Based on the video, the person appears to be a late expert in their technique. T

[73/100] uniandes_dance_012_29 (GT=Late Expert)
  exo: Late Expert OK | Based on the video, the person appears to be a late expert in dancing. Their bod
  ego: Late Expert OK | Based on the video, the person appears to be a late expert in their technique. T

[74/100] upenn_0706_Dance_1_7 (GT=Early Expert)
  exo: Unknown X | Based on the provided information, the person is dancing in a large room with a 
  ego: Late Expert X | Based on the video, the person appears to be a late expert in dance. The dancer'

[75/100] upenn_0730_Dance_1_4 (GT=Intermediate Expert)
  exo: Late Expert X | Based on the provided information, the person is dancing in a large room with mu
  ego: Late Expert X | Based on the video, the person appears to be a late expert in dancing. The dance

[76/100] upenn_0720_Dance_3_13 (GT=Early Expert)
  exo: Late Expert X | Based on the provided information, the person is dancing in a room with a pole i
  ego: Late Expert X | Based on the video, the person's technique appears to be at an intermediate leve

[77/100] uniandes_dance_007_4 (GT=Intermediate Expert)
  exo: Late Expert X | Based on the video, the person appears to be a late expert in their dancing tech
  ego: Late Expert X | Based on the video, the person appears to be a late expert in their technique. T

[78/100] uniandes_dance_012_33 (GT=Late Expert)
  exo: Early Expert X | Based on the provided information, the person is dancing in a room with a white 
  ego: Late Expert OK | Based on the video, the person appears to be a late expert in their technique. T

[79/100] upenn_0706_Dance_2_2 (GT=Intermediate Expert)
  exo: Late Expert X | Based on the video, the person appears to be a late expert in their technique. T
  ego: Unknown X | Based on the video, the person's technique appears to be at an intermediate leve

[80/100] uniandes_dance_020_61 (GT=Early Expert)
  exo: Late Expert X | Based on the video, the person appears to be a late expert in their dancing tech
  ego: Early Expert OK | Based on the video, the person's technique appears to be at an early expert leve

[81/100] uniandes_dance_022_5 (GT=Novice)
  exo: Late Expert X | Based on the video, the person appears to be a late expert in their dance techni
  ego: Late Expert X | Based on the video, the person appears to be a late expert in their technique. T

[82/100] uniandes_dance_021_17 (GT=Intermediate Expert)
  exo: Late Expert X | Based on the video, the person appears to be a late expert in their dancing tech
  ego: Late Expert X | Based on the video, the person appears to be a late expert in their technique. T

[83/100] uniandes_dance_019_15 (GT=Intermediate Expert)
  exo: Late Expert X | Based on the video, the person appears to be a late expert in their dance techni
  ego: Late Expert X | Based on the video, the person appears to be a late expert in their technique. T

[84/100] uniandes_dance_022_27 (GT=Late Expert)
  exo: Late Expert OK | Based on the video, the person appears to be a late expert in their dance techni
  ego: Late Expert OK | Based on the video, the person appears to be a late expert in their technique. T

[85/100] uniandes_dance_024_4 (GT=Novice)
  exo: Late Expert X | Based on the video, the person appears to be a late expert in their dance techni
  ego: Late Expert X | Based on the video, the person appears to be a late expert in their technique. T

[86/100] uniandes_dance_008_44 (GT=Intermediate Expert)
  exo: Late Expert X | Based on the video, the person appears to be a late expert in their dancing tech
  ego: Late Expert X | Based on the video, the person appears to be a late expert in their technique. T

[87/100] uniandes_dance_024_2 (GT=Novice)
  exo: Late Expert X | Based on the video, the person appears to be a late expert in their dance techni
  ego: Late Expert X | Based on the video, the person appears to be a late expert in their technique. T

[88/100] uniandes_dance_011_33 (GT=Late Expert)
  exo: Unknown X | Based on the provided information, the person is dancing in a room with a white 
  ego: Late Expert OK | Based on the video, the person appears to be a late expert in dancing. The dance

[89/100] uniandes_dance_019_49 (GT=Late Expert)
  exo: Late Expert OK | Based on the video, the person appears to be a late expert in their dance techni
  ego: Late Expert OK | Based on the video, the person appears to be a late expert in their technique. T

[90/100] uniandes_dance_022_10 (GT=Novice)
  exo: Late Expert X | Based on the video, the person appears to be a late expert in their dancing tech
  ego: Unknown X | Based on the video, the person's technique appears to be at an intermediate leve

[91/100] upenn_0706_Dance_2_5 (GT=Intermediate Expert)
  exo: Late Expert X | Based on the video, the person appears to be a late expert in their technique. T
  ego: Late Expert X | Based on the video, the person appears to be a late expert in dance. The dancer'

[92/100] uniandes_dance_015_18 (GT=Late Expert)
  exo: Late Expert OK | Based on the video, the person appears to be a late expert in their technique. T
  ego: Late Expert OK | Based on the video, the person appears to be a late expert in their technique. T

[93/100] uniandes_dance_017_58 (GT=Novice)
  exo: Late Expert X | Based on the video, the person appears to be a late expert in their dance techni
  ego: Late Expert X | Based on the video, the person appears to be a late expert in their technique. T

[94/100] upenn_0720_Dance_3_3 (GT=Early Expert)
  exo: Late Expert X | Based on the provided information, the person in the video is performing a dance
  ego: Novice X | Based on the video, the person's technique appears to be at an intermediate leve

[95/100] uniandes_dance_020_11 (GT=Early Expert)
  exo: Late Expert X | Based on the video, the person appears to be a late expert in their technique. T
  ego: Late Expert X | Based on the video, the person appears to be a late expert in dancing. The dance

[96/100] upenn_0629_Dance_3_4 (GT=Early Expert)
  exo: Unknown X | Based on the provided information, the person is dancing in a room with a wooden
  ego: Late Expert X | Based on the provided information, the person is dancing in a room with a wooden

[97/100] uniandes_dance_022_6 (GT=Novice)
  exo: Late Expert X | Based on the video, the person appears to be a late expert in their dancing tech
  ego: Late Expert X | Based on the video, the person appears to be a late expert in dance. The dancer'

[98/100] uniandes_dance_020_18 (GT=Novice)
  exo: Late Expert X | Based on the video, the person appears to be a late expert in dancing. The dance
  ego: Late Expert X | Based on the video, the person appears to be a late expert in their technique. T

[99/100] uniandes_dance_012_14 (GT=Intermediate Expert)
  exo: Late Expert X | Based on the video, the person appears to be a late expert in their dancing tech
  ego: Intermediate Expert OK | Based on the video, the person's technique appears to be at an intermediate leve

[100/100] uniandes_dance_023_56 (GT=Early Expert)
  exo: Late Expert X | Based on the video, the person appears to be a late expert in their dance techni
  ego: Late Expert X | Based on the video, the person appears to be a late expert in their technique. T

============================================================
RESULTS — Dance | VideoLLaVA reasoning 8f TRIMMED
============================================================
  exo: 22/100 = 22.0%
  ego: 30/100 = 30.0%
Random chance: 25%
Exo predictions: {'Late Expert': 87, 'Unknown': 9, 'Novice': 2, 'Early Expert': 2}
Ego predictions: {'Late Expert': 84, 'Unknown': 6, 'Early Expert': 6, 'Novice': 3, 'Intermediate Expert': 1}
============================================================
